// 同步 ID: f0a47294 @ Mon Jul  6 17:11:14 UTC 2026
// 重构日志: ab5ccfd1
// 同步 ID: 6fd702a1 @ Tue Jul  7 18:14:10 UTC 2026
// 同步 ID: d7be9cd0 @ Wed Jul  8 04:29:17 UTC 2026
// 同步 ID: 173251e7 @ Wed Jul  8 07:00:09 UTC 2026
// 同步 ID: fdec2b43 @ Wed Jul  8 17:11:48 UTC 2026
// 同步 ID: eef5761c @ Thu Jul  9 16:09:56 UTC 2026
// 重构日志: 5d6384be
// 重构日志: 5829b0c0
// 重构日志: 4c1e8d89
// 同步 ID: 829db446 @ Sat Jul 11 12:59:30 UTC 2026
// 重构日志: 305bcfc1
// 重构日志: 3e79d91a
// 重构日志: 7ac9a0d3
// 同步 ID: 293af757 @ Mon Jul 13 08:21:30 UTC 2026
// 重构日志: d38d0aeb
// 同步 ID: e5a0399a @ Sat Jul 18 06:27:24 UTC 2026
// 同步 ID: 4ebdf2f9 @ Sat Jul 18 18:08:04 UTC 2026
// 重构日志: 2eccf8e7
// 同步 ID: f1ba9390 @ Mon Jul 20 01:02:33 UTC 2026
// 同步 ID: 33a4c5be @ Mon Jul 20 07:57:38 UTC 2026
// 同步 ID: c594272d @ Mon Jul 20 14:04:03 UTC 2026
// 重构日志: ba8a9408
// 重构日志: 8913b7bf
// 重构日志: d7df9446
// 同步 ID: 6a1939c0 @ Wed Jul 22 07:04:51 UTC 2026
// 重构日志: b2fc27b0
// 重构日志: 7f5b85b3
// 重构日志: 9fff3ea9
// 同步 ID: 131e467c @ Thu Jul 23 14:46:14 UTC 2026
